1568100519732	mozrunner::runner	INFO	Running command: "D:\\Program Files (x86)\\Mozilla Firefox\\firefox.exe" "-marionette" "-foreground" "-no-remote" "-profile" "C:\\Users\\ADMINI~1\\AppData\\Local\\Temp\\rust_mozprofile.qkA8T3AtVB41"
1568100527370	addons.webextension.screenshots@mozilla.org	WARN	Loading extension 'screenshots@mozilla.org': Reading manifest: Invalid extension permission: mozillaAddons
1568100527371	addons.webextension.screenshots@mozilla.org	WARN	Loading extension 'screenshots@mozilla.org': Reading manifest: Invalid extension permission: telemetry
1568100527372	addons.webextension.screenshots@mozilla.org	WARN	Loading extension 'screenshots@mozilla.org': Reading manifest: Invalid extension permission: resource://pdf.js/
1568100527372	addons.webextension.screenshots@mozilla.org	WARN	Loading extension 'screenshots@mozilla.org': Reading manifest: Invalid extension permission: about:reader*
1568100531423	Marionette	INFO	Listening on port 55173
1568100533397	Marionette	WARN	TLS certificate errors will be ignored for this session
console.error: BroadcastService: 
  receivedBroadcastMessage: handler for
  remote-settings/monitor_changes
  threw error:
  Message: Error: Polling for changes failed: http://%(server)s/dummy/blocklist//buckets/monitor/collections/changes/records?_expected=%221568051630234%22 is not a valid URL..
  Stack:
    remoteSettingsFunction/remoteSettings.pollChanges@resource://services-settings/remote-settings.js:201:13

[Child 7264, Chrome_ChildThread] WARNING: pipe error: 109: file z:/task_1563378307/build/src/ipc/chromium/src/chrome/common/ipc_channe[Chill_dw i7n2.2c0c,,  Clhirnoem e3_4C1h
ildThread] WARNING: pipe error: 109: file z:/task_1563378307/build/src/i[Chpic/chromium/src/chrome/common/ipc_channel_win.cc, line 341
[Child 7264, Cld 7220, Chrome_ChildThhrroemaed_]C hWiAlRdThNrIeNaGd:]  pipe errWARNING: pipe error: 109: file z:/task_1563378307/build/src/ipc/ochromium/src/chrome/common/ipc_channrel_win.cc, line 341
[Parent 1236, Gecko_IOThread] WARNING: pipe error: 109: file z:/task_1563378307/build/src/ipc/chromium/src/chrome/common/ipc_channel_win.cc, line 341
[Child 3880, Chrome_ChildThread] WARNING: pipe error: 109: file z:/task_1563378307/build/src/ipc/chromium/src/chrome/common/ipc_channel_win.c1568100796600	Marionette	INFO	Stopped listening on port 55173
1568100801665	mozrunner::runner	INFO	Running command: "D:\\Program Files (x86)\\Mozilla Firefox\\firefox.exe" "-marionette" "-foreground" "-no-remote" "-profile" "C:\\Users\\ADMINI~1\\AppData\\Local\\Temp\\rust_mozprofile.4VfpK6HzGyrn"
1568101178463	mozrunner::runner	INFO	Running command: "D:\\Program Files (x86)\\Mozilla Firefox\\firefox.exe" "-marionette" "-foreground" "-no-remote" "-profile" "C:\\Users\\ADMINI~1\\AppData\\Local\\Temp\\rust_mozprofile.Y0XKjwBxa4Fx"
1568101180004	addons.webextension.screenshots@mozilla.org	WARN	Loading extension 'screenshots@mozilla.org': Reading manifest: Invalid extension permission: mozillaAddons
1568101180004	addons.webextension.screenshots@mozilla.org	WARN	Loading extension 'screenshots@mozilla.org': Reading manifest: Invalid extension permission: telemetry
1568101180005	addons.webextension.screenshots@mozilla.org	WARN	Loading extension 'screenshots@mozilla.org': Reading manifest: Invalid extension permission: resource://pdf.js/
1568101180005	addons.webextension.screenshots@mozilla.org	WARN	Loading extension 'screenshots@mozilla.org': Reading manifest: Invalid extension permission: about:reader*
JavaScript error: resource://gre/modules/XULStore.jsm, line 66: Error: Can't find profile directory.
1568101182339	Marionette	INFO	Listening on port 55360
1568101182844	Marionette	WARN	TLS certificate errors will be ignored for this session
JavaScript error: resource://gre/modules/XULStore.jsm, line 66: Error: Can't find profile directory.
JavaScript error: https://ss1.bdstatic.com/5eN1bjq8AAUYm2zgoY3K/r/www/cache/static/protocol/https/plugins/every_cookie_4644b13.js, line 4: ReferenceError: c is not defined
[Parent 8164, Gecko_IOThread] WARNING: pipe error: 109: file z:/task_1566861941/build/src/ipc/chromium/src/chrome/common/ipc_channel_win.cc, line 341
[Child 4160, Chrome_ChildThread] WARNING: pipe error: 109: file z:/task_1566861941/build/src/ipc/chromium/src/chrome/common/ipc_channel_win.cc, line 341
[Child 4160, Chrome_ChildThread] WARNING: pipe error: 109: file z:/task_1566861941/build/src/ipc/chromium/src/chrome/common/ipc_channel_win.cc, line 341
[Parent 8164, Gecko_IOThread] WARNING: pipe error: 109: file z:/task_1566861941/build/src/ipc/chromium/src/chrome/common/ipc_channel_win.cc, line 341
[Child 652, Chrome_ChildThread] WARNING: pipe error: 109: file z:/task_1566861941/build/src/ipc/chromium/src/chrome/common/ipc_channel_win.cc, line 341
[Child 652, Chrome_[Parent 8164, Gecko_IOThread] WARNING: pipe error: 109: file z:/task_1566861941/build/src/ipc/chromium/src/chrome/common/ipc_channel_win.cc, line 341
[Child 9052, Chrome_ChildThread] WARNING: pipe error: 109: file z:/task_1566861941/build/src/ipc/chromium/src/chrome/common/ipc_channel_win.cc, line 341
[Child 9052, Chrome_ChildThread][Parent 8164, Gecko_IOThread] WARNING: file z:/task_1566861941/build/src/ipc/chromium/src/base/process_util_win.cc, line 160
1568107467785	Marionette	INFO	Stopped listening on port 55360
1568107472436	mozrunner::runner	INFO	Running command: "D:\\Program Files (x86)\\Mozilla Firefox\\firefox.exe" "-marionette" "-foreground" "-no-remote" "-profile" "C:\\Users\\ADMINI~1\\AppData\\Local\\Temp\\rust_mozprofile.IQjIDPQRxHw2"
1568107474142	addons.webextension.screenshots@mozilla.org	WARN	Loading extension 'screenshots@mozilla.org': Reading manifest: Invalid extension permission: mozillaAddons
1568107474143	addons.webextension.screenshots@mozilla.org	WARN	Loading extension 'screenshots@mozilla.org': Reading manifest: Invalid extension permission: telemetry
1568107474143	addons.webextension.screenshots@mozilla.org	WARN	Loading extension 'screenshots@mozilla.org': Reading manifest: Invalid extension permission: resource://pdf.js/
1568107474143	addons.webextension.screenshots@mozilla.org	WARN	Loading extension 'screenshots@mozilla.org': Reading manifest: Invalid extension permission: about:reader*
JavaScript error: resource://gre/modules/XULStore.jsm, line 66: Error: Can't find profile directory.
1568107476885	Marionette	INFO	Listening on port 63242
1568107477380	Marionette	WARN	TLS certificate errors will be ignored for this session
JavaScript error: http://inte.sogou.com/ct?id=536496&h=112&w=360&fv=0&if=1&sohuurl=http%3A%2F%2Fwww.ifeng.com%2F&refer=http%3A%2F%2Fwww.ifeng.com%2F&rnd=875bb39ebd6b6846&z=66a4a5ab25b1a3f0&lmt=1568107853&srp=1366,768&ccd=24&lhi=2&eja=false&npl=0&nmi=0&ece=true&lan=zh-CN&bi=1&t1=533&t2=1568107853&pvt=1568107852626&ssi0=258&ti=%E5%87%A4%E5%87%B0%E7%BD%91&bs=365,112&tmp_cdif=0&mi=1&m=MTU2ODEwNzg5Nl9wcmV0dHkgZG9nXzUzNjQ5NgA-&ex=&glx=0, line 33: ReferenceError: bye_a_d is not defined
[Parent 7144, Gecko_IOThread] WARNING: pipe error: 109: file z:/task_1566861941/build/src/ipc/chromium/src/chrome/common/ipc_channel_win.cc, line 341
[Child 8680, Chrome_ChildThread] WARNING: pipe error: 109: file z:/task_1566861941/build/src/ipc/chromium/src/chrome/common/ipc_channel_win.cc, line 341
[Child 8680, Chrome_ChildThread] WARNING: pipe err[Parent 7144, Gecko_IOThread] WARNING: pipe error: 109: file z:/task_1566861941/build/src/ipc/chromium/src/chrome/common/ipc_channel_win.cc, line 341
[Child 7728, Chrome_ChildThread] WARNING: pipe error: 109: file z:/task_1566861941/build/src/ipc/chromium/src/chrome/common/ipc_channel_win.cc, line 341
[Child 7728, Chrome_ChildThread] WARNING: pipe error: 109: file z:/task_1566861941/build/src/ipc/chromium/src/chrome/common/ipc_channel_win.cc, line 341
JavaScript error: resource:///actors/AboutReaderChild.jsm, line 95: NS_ERROR_UNEXPECTED: 
[Parent 7144, Gecko_IOThread] WARNING: pipe error: 109: file z:/task_1566861941/build/src/ipc/chromium/src/chrome/common/ipc_channel_win.cc, line 341
[Child 3156, Chrome_ChildThread] WARNING: pipe error: 109: file z:/task_1566861941/build/src/ipc/chromium/src/chrome/common/ipc_channel_win.cc, line 341
[C
###!!! [Child][MessageChannel] Error: (msgtype=0x36010D,name=PContent::Msg_ReportContentBlockingLog) Closed channel: cannot send/recv


###!!! [Child][MessageChannel] Error: (msgtype=0x36011E,name=PContent::Msg_DetachBrowsingContext) Closed channel: cannot send/recv


###!!! [Child][MessageChannel] Error: (msgtype=0x36011E,name=PContent::Msg_DetachBrowsingContext) Closed channel: cannot send/recv


###!!! [Child][MessageChannel] Error: (msgtype=0x36011E,name=PContent::Msg_DetachBrowsingContext) Closed channel: cannot send/recv


###!!! [Child][MessageChannel] Error: (msgtype=0x36011E,name=PContent::Msg_DetachBrowsingContext) Closed channel: cannot send/recv


###!!! [Child][MessageChannel] Error: (msgtype=0x36011E,name=PContent::Msg_DetachBrowsingContext) Closed channel: cannot send/recv


###!!! [Child][MessageChannel] Error: (msgtype=0x36011E,name=PContent::Msg_DetachBrowsingContext) Closed channel: cannot send/recv


###!!! [Child][MessageChannel] Error: (msgtype=0x36011E,name=PContent::Msg_DetachBrowsingContext) Closed channel: cannot send/recv


###!!! [Child][MessageChannel] Error: (msgtype=0x36011E,name=PContent::Msg_DetachBrowsingContext) Closed channel: cannot send/recv


###!!! [Child][MessageChannel] Error: (msgtype=0x36011E,name=PContent::Msg_DetachBrowsingContext) Closed channel: cannot send/recv


###!!! [Child][MessageChannel] Error: (msgtype=0x36011E,name=PContent::Msg_DetachBrowsingContext) Closed channel: cannot send/recv


###!!! [Child][MessageChannel] Error: (msgtype=0x36011E,name=PContent::Msg_DetachBrowsingContext) Closed channel: cannot send/recv


###!!! [Child][MessageChannel] Error: (msgtype=0x36011E,name=PContent::Msg_DetachBrowsingContext) Closed channel: cannot send/recv


###!!! [Child][MessageChannel] Error: (msgtype=0x36011E,name=PContent::Msg_DetachBrowsingContext) Closed channel: cannot send/recv


###!!! [Child][MessageChannel] Error: (msgtype=0x36011E,name=PContent::Msg_DetachBrowsingContext) Closed channel: cannot send/recv


###!!! [Child][MessageChannel] Error: (msgtype=0x36011E,name=PContent::Msg_DetachBrowsingContext) Closed channel: cannot send/recv


###!!! [Child][MessageChannel] Error: (msgtype=0x36011E,name=PContent::Msg_DetachBrowsingContext) Closed channel: cannot send/recv


###!!! [Child][MessageChannel] Error: (msgtype=0x36011E,name=PContent::Msg_DetachBrowsingContext) Closed channel: cannot send/recv

